2020-02-20 20:53:12.925 DEBUG 1312 --- [main] o.s.c.e.PropertySourcesPropertyResolver  : Found key 'spring.mandatory-file-encoding' in PropertySource 'configurationProperties' with value of type String
2020-02-20 20:53:12.977  INFO 1312 --- [main] c.i.c.SpringBootApplicationContextMain   : Starting SpringBootApplicationContextMain on TEA-PC with PID 1312 (C:\JAVA_SPRING\workspace-sts-3.9.11.RELEASE\springBootApp\target\classes started by TEA in C:\JAVA_SPRING\workspace-sts-3.9.11.RELEASE\springBootApp)
2020-02-20 20:53:12.978  INFO 1312 --- [main] c.i.c.SpringBootApplicationContextMain   : No active profile set, falling back to default profiles: default
2020-02-20 20:53:13.007 DEBUG 1312 --- [main] s.c.a.AnnotationConfigApplicationContext : Refreshing org.springframework.context.annotation.AnnotationConfigApplicationContext@48974e45
2020-02-20 20:53:13.019 DEBUG 1312 --- [main] o.s.b.f.s.DefaultListableBeanFactory     : Creating shared instance of singleton bean 'org.springframework.context.annotation.internalConfigurationAnnotationProcessor'
2020-02-20 20:53:13.028 DEBUG 1312 --- [main] o.s.b.f.s.DefaultListableBeanFactory     : Creating shared instance of singleton bean 'org.springframework.boot.autoconfigure.internalCachingMetadataReaderFactory'
2020-02-20 20:53:13.127 DEBUG 1312 --- [main] o.s.c.e.PropertySourcesPropertyResolver  : Found key 'spring.jmx.enabled' in PropertySource 'configurationProperties' with value of type String
2020-02-20 20:53:13.130 DEBUG 1312 --- [main] o.s.c.e.PropertySourcesPropertyResolver  : Found key 'spring.application.admin.enabled' in PropertySource 'configurationProperties' with value of type String
2020-02-20 20:53:13.166 DEBUG 1312 --- [main] o.s.c.e.PropertySourcesPropertyResolver  : Found key 'spring.jmx.enabled' in PropertySource 'configurationProperties' with value of type String
2020-02-20 20:53:13.173 DEBUG 1312 --- [main] o.s.c.e.PropertySourcesPropertyResolver  : Found key 'spring.application.admin.enabled' in PropertySource 'configurationProperties' with value of type String
2020-02-20 20:53:13.232 DEBUG 1312 --- [main] o.s.b.f.s.DefaultListableBeanFactory     : Creating shared instance of singleton bean 'propertySourcesPlaceholderConfigurer'
2020-02-20 20:53:13.236 DEBUG 1312 --- [main] o.s.b.f.s.DefaultListableBeanFactory     : Creating shared instance of singleton bean 'org.springframework.boot.context.properties.ConfigurationPropertiesBeanDefinitionValidator'
2020-02-20 20:53:13.242 DEBUG 1312 --- [main] o.s.b.f.s.DefaultListableBeanFactory     : Creating shared instance of singleton bean 'org.springframework.context.event.internalEventListenerProcessor'
2020-02-20 20:53:13.243 DEBUG 1312 --- [main] o.s.b.f.s.DefaultListableBeanFactory     : Creating shared instance of singleton bean 'org.springframework.context.event.internalEventListenerFactory'
2020-02-20 20:53:13.245 DEBUG 1312 --- [main] o.s.b.f.s.DefaultListableBeanFactory     : Creating shared instance of singleton bean 'org.springframework.context.annotation.internalAutowiredAnnotationProcessor'
2020-02-20 20:53:13.246 DEBUG 1312 --- [main] o.s.b.f.s.DefaultListableBeanFactory     : Creating shared instance of singleton bean 'org.springframework.context.annotation.internalCommonAnnotationProcessor'
2020-02-20 20:53:13.248 DEBUG 1312 --- [main] o.s.b.f.s.DefaultListableBeanFactory     : Creating shared instance of singleton bean 'org.springframework.boot.context.properties.ConfigurationPropertiesBindingPostProcessor'
2020-02-20 20:53:13.248 DEBUG 1312 --- [main] o.s.b.f.s.DefaultListableBeanFactory     : Creating shared instance of singleton bean 'org.springframework.boot.context.internalConfigurationPropertiesBinder'
2020-02-20 20:53:13.248 DEBUG 1312 --- [main] o.s.b.f.s.DefaultListableBeanFactory     : Creating shared instance of singleton bean 'org.springframework.boot.context.internalConfigurationPropertiesBinderFactory'
2020-02-20 20:53:13.251 DEBUG 1312 --- [main] o.s.b.f.s.DefaultListableBeanFactory     : Creating shared instance of singleton bean 'springBootApplicationContextMain'
2020-02-20 20:53:13.255 DEBUG 1312 --- [main] o.s.b.f.s.DefaultListableBeanFactory     : Creating shared instance of singleton bean 'org.springframework.boot.autoconfigure.AutoConfigurationPackages'
2020-02-20 20:53:13.296 DEBUG 1312 --- [main] o.s.b.f.s.DefaultListableBeanFactory     : Creating shared instance of singleton bean 'org.springframework.boot.autoconfigure.context.PropertyPlaceholderAutoConfiguration'
2020-02-20 20:53:13.297 DEBUG 1312 --- [main] o.s.b.f.s.DefaultListableBeanFactory     : Creating shared instance of singleton bean 'org.springframework.boot.autoconfigure.jmx.JmxAutoConfiguration'
2020-02-20 20:53:13.299 DEBUG 1312 --- [main] o.s.b.f.s.DefaultListableBeanFactory     : Autowiring by type from bean name 'org.springframework.boot.autoconfigure.jmx.JmxAutoConfiguration' via constructor to bean named 'environment'
2020-02-20 20:53:13.300 DEBUG 1312 --- [main] o.s.b.f.s.DefaultListableBeanFactory     : Creating shared instance of singleton bean 'mbeanExporter'
2020-02-20 20:53:13.301 DEBUG 1312 --- [main] o.s.b.f.s.DefaultListableBeanFactory     : Creating shared instance of singleton bean 'objectNamingStrategy'
2020-02-20 20:53:13.303 DEBUG 1312 --- [main] o.s.b.f.s.DefaultListableBeanFactory     : Autowiring by type from bean name 'mbeanExporter' via factory method to bean named 'objectNamingStrategy'
2020-02-20 20:53:13.304 DEBUG 1312 --- [main] o.s.b.f.s.DefaultListableBeanFactory     : Autowiring by type from bean name 'mbeanExporter' via factory method to bean named 'org.springframework.beans.factory.support.DefaultListableBeanFactory@97e93f1'
2020-02-20 20:53:13.307 DEBUG 1312 --- [main] o.s.b.f.s.DefaultListableBeanFactory     : Creating shared instance of singleton bean 'mbeanServer'
2020-02-20 20:53:13.313 DEBUG 1312 --- [main] o.s.b.f.s.DefaultListableBeanFactory     : Creating shared instance of singleton bean 'org.springframework.boot.autoconfigure.admin.SpringApplicationAdminJmxAutoConfiguration'
2020-02-20 20:53:13.314 DEBUG 1312 --- [main] o.s.b.f.s.DefaultListableBeanFactory     : Creating shared instance of singleton bean 'springApplicationAdminRegistrar'
2020-02-20 20:53:13.315 DEBUG 1312 --- [main] o.s.b.f.s.DefaultListableBeanFactory     : Autowiring by type from bean name 'springApplicationAdminRegistrar' via factory method to bean named 'environment'
2020-02-20 20:53:13.319 DEBUG 1312 --- [main] o.s.b.f.s.DefaultListableBeanFactory     : Creating shared instance of singleton bean 'org.springframework.boot.autoconfigure.aop.AopAutoConfiguration$ClassProxyingConfiguration'
2020-02-20 20:53:13.319 DEBUG 1312 --- [main] o.s.b.f.s.DefaultListableBeanFactory     : Autowiring by type from bean name 'org.springframework.boot.autoconfigure.aop.AopAutoConfiguration$ClassProxyingConfiguration' via constructor to bean named 'org.springframework.beans.factory.support.DefaultListableBeanFactory@97e93f1'
2020-02-20 20:53:13.322 DEBUG 1312 --- [main] o.s.b.f.s.DefaultListableBeanFactory     : Creating shared instance of singleton bean 'org.springframework.boot.autoconfigure.aop.AopAutoConfiguration'
2020-02-20 20:53:13.322 DEBUG 1312 --- [main] o.s.b.f.s.DefaultListableBeanFactory     : Creating shared instance of singleton bean 'org.springframework.boot.autoconfigure.context.ConfigurationPropertiesAutoConfiguration'
2020-02-20 20:53:13.323 DEBUG 1312 --- [main] o.s.b.f.s.DefaultListableBeanFactory     : Creating shared instance of singleton bean 'org.springframework.boot.context.properties.ConfigurationBeanFactoryMetadata'
2020-02-20 20:53:13.323 DEBUG 1312 --- [main] o.s.b.f.s.DefaultListableBeanFactory     : Creating shared instance of singleton bean 'org.springframework.boot.autoconfigure.info.ProjectInfoAutoConfiguration'
2020-02-20 20:53:13.325 DEBUG 1312 --- [main] o.s.b.f.s.DefaultListableBeanFactory     : Creating shared instance of singleton bean 'spring.info-org.springframework.boot.autoconfigure.info.ProjectInfoProperties'
2020-02-20 20:53:13.336 DEBUG 1312 --- [main] o.s.b.f.s.DefaultListableBeanFactory     : Autowiring by type from bean name 'org.springframework.boot.autoconfigure.info.ProjectInfoAutoConfiguration' via constructor to bean named 'spring.info-org.springframework.boot.autoconfigure.info.ProjectInfoProperties'
2020-02-20 20:53:13.336 DEBUG 1312 --- [main] o.s.b.f.s.DefaultListableBeanFactory     : Creating shared instance of singleton bean 'org.springframework.boot.autoconfigure.task.TaskExecutionAutoConfiguration'
2020-02-20 20:53:13.337 DEBUG 1312 --- [main] o.s.b.f.s.DefaultListableBeanFactory     : Creating shared instance of singleton bean 'taskExecutorBuilder'
2020-02-20 20:53:13.337 DEBUG 1312 --- [main] o.s.b.f.s.DefaultListableBeanFactory     : Creating shared instance of singleton bean 'spring.task.execution-org.springframework.boot.autoconfigure.task.TaskExecutionProperties'
2020-02-20 20:53:13.339 DEBUG 1312 --- [main] o.s.b.f.s.DefaultListableBeanFactory     : Autowiring by type from bean name 'taskExecutorBuilder' via factory method to bean named 'spring.task.execution-org.springframework.boot.autoconfigure.task.TaskExecutionProperties'
2020-02-20 20:53:13.340 DEBUG 1312 --- [main] o.s.b.f.s.DefaultListableBeanFactory     : Creating shared instance of singleton bean 'org.springframework.boot.autoconfigure.task.TaskSchedulingAutoConfiguration'
2020-02-20 20:53:13.341 DEBUG 1312 --- [main] o.s.b.f.s.DefaultListableBeanFactory     : Creating shared instance of singleton bean 'taskSchedulerBuilder'
2020-02-20 20:53:13.342 DEBUG 1312 --- [main] o.s.b.f.s.DefaultListableBeanFactory     : Creating shared instance of singleton bean 'spring.task.scheduling-org.springframework.boot.autoconfigure.task.TaskSchedulingProperties'
2020-02-20 20:53:13.343 DEBUG 1312 --- [main] o.s.b.f.s.DefaultListableBeanFactory     : Autowiring by type from bean name 'taskSchedulerBuilder' via factory method to bean named 'spring.task.scheduling-org.springframework.boot.autoconfigure.task.TaskSchedulingProperties'
2020-02-20 20:53:13.357 DEBUG 1312 --- [main] o.s.c.e.PropertySourcesPropertyResolver  : Found key 'spring.liveBeansView.mbeanDomain' in PropertySource 'systemProperties' with value of type String
2020-02-20 20:53:13.360  INFO 1312 --- [main] c.i.c.SpringBootApplicationContextMain   : Started SpringBootApplicationContextMain in 0.665 seconds (JVM running for 1.314)
2020-02-20 20:53:13.364 DEBUG 1312 --- [SpringContextShutdownHook] s.c.a.AnnotationConfigApplicationContext : Closing org.springframework.context.annotation.AnnotationConfigApplicationContext@48974e45, started on Thu Feb 20 20:53:13 KST 2020
2020-02-20 20:53:13.365 DEBUG 1312 --- [SpringContextShutdownHook] o.s.c.e.PropertySourcesPropertyResolver  : Found key 'spring.liveBeansView.mbeanDomain' in PropertySource 'systemProperties' with value of type String
2020-02-20 20:53:45.821  INFO 10024 --- [main] c.i.c.SpringBootApplicationContextMain   : Starting SpringBootApplicationContextMain on TEA-PC with PID 10024 (C:\JAVA_SPRING\workspace-sts-3.9.11.RELEASE\springBootApp\target\classes started by TEA in C:\JAVA_SPRING\workspace-sts-3.9.11.RELEASE\springBootApp)
2020-02-20 20:53:45.824  INFO 10024 --- [main] c.i.c.SpringBootApplicationContextMain   : No active profile set, falling back to default profiles: default
2020-02-20 20:53:46.183  INFO 10024 --- [main] c.i.c.SpringBootApplicationContextMain   : Started SpringBootApplicationContextMain in 0.669 seconds (JVM running for 1.319)
